ERROR - 2022-03-15 10:03:46 --> Error connecting to the database: Access denied for user '****'@'localhost' (using password: YES)
CRITICAL - 2022-03-15 10:03:46 --> Unable to connect to the database.
Main connection [MySQLi]: Access denied for user '****'@'localhost' (using password: YES)
#0 D:\bancoRest\system\Database\BaseConnection.php(577): CodeIgniter\Database\BaseConnection->initialize()
#1 D:\bancoRest\system\Database\BaseBuilder.php(1455): CodeIgniter\Database\BaseConnection->query('SELECT *\nFROM `...', Array, false)
#2 D:\bancoRest\system\Model.php(183): CodeIgniter\Database\BaseBuilder->get()
#3 D:\bancoRest\system\BaseModel.php(584): CodeIgniter\Model->doFindAll(0, 0)
#4 D:\bancoRest\app\Controllers\API\Clientes.php(14): CodeIgniter\BaseModel->findAll()
#5 D:\bancoRest\system\CodeIgniter.php(832): App\Controllers\API\Clientes->index()
#6 D:\bancoRest\system\CodeIgniter.php(419): CodeIgniter\CodeIgniter->runController(Object(App\Controllers\API\Clientes))
#7 D:\bancoRest\system\CodeIgniter.php(326): CodeIgniter\CodeIgniter->handleRequest(NULL, Object(Config\Cache), false)
#8 D:\bancoRest\public\index.php(37): CodeIgniter\CodeIgniter->run()
#9 D:\bancoRest\system\Commands\Server\rewrite.php(43): require_once('D:\\bancoRest\\pu...')
#10 {main}
ERROR - 2022-03-15 10:28:49 --> Error connecting to the database: Access denied for user '****'@'localhost' (using password: YES)
CRITICAL - 2022-03-15 10:28:49 --> Unable to connect to the database.
Main connection [MySQLi]: Access denied for user '****'@'localhost' (using password: YES)
#0 D:\bancoRest\system\Database\BaseConnection.php(577): CodeIgniter\Database\BaseConnection->initialize()
#1 D:\bancoRest\system\Database\BaseBuilder.php(1455): CodeIgniter\Database\BaseConnection->query('SELECT *\nFROM `...', Array, false)
#2 D:\bancoRest\system\Model.php(183): CodeIgniter\Database\BaseBuilder->get()
#3 D:\bancoRest\system\BaseModel.php(584): CodeIgniter\Model->doFindAll(0, 0)
#4 D:\bancoRest\app\Controllers\API\Clientes.php(14): CodeIgniter\BaseModel->findAll()
#5 D:\bancoRest\system\CodeIgniter.php(832): App\Controllers\API\Clientes->index()
#6 D:\bancoRest\system\CodeIgniter.php(419): CodeIgniter\CodeIgniter->runController(Object(App\Controllers\API\Clientes))
#7 D:\bancoRest\system\CodeIgniter.php(326): CodeIgniter\CodeIgniter->handleRequest(NULL, Object(Config\Cache), false)
#8 D:\bancoRest\public\index.php(37): CodeIgniter\CodeIgniter->run()
#9 D:\bancoRest\system\Commands\Server\rewrite.php(43): require_once('D:\\bancoRest\\pu...')
#10 {main}
ERROR - 2022-03-15 10:39:27 --> Error connecting to the database: Access denied for user '****'@'localhost' (using password: YES)
CRITICAL - 2022-03-15 10:39:27 --> Unable to connect to the database.
Main connection [MySQLi]: Access denied for user '****'@'localhost' (using password: YES)
#0 D:\bancoRest\system\Database\BaseConnection.php(577): CodeIgniter\Database\BaseConnection->initialize()
#1 D:\bancoRest\system\Database\BaseBuilder.php(1455): CodeIgniter\Database\BaseConnection->query('SELECT *\nFROM `...', Array, false)
#2 D:\bancoRest\system\Model.php(183): CodeIgniter\Database\BaseBuilder->get()
#3 D:\bancoRest\system\BaseModel.php(584): CodeIgniter\Model->doFindAll(0, 0)
#4 D:\bancoRest\app\Controllers\API\Clientes.php(14): CodeIgniter\BaseModel->findAll()
#5 D:\bancoRest\system\CodeIgniter.php(832): App\Controllers\API\Clientes->index()
#6 D:\bancoRest\system\CodeIgniter.php(419): CodeIgniter\CodeIgniter->runController(Object(App\Controllers\API\Clientes))
#7 D:\bancoRest\system\CodeIgniter.php(326): CodeIgniter\CodeIgniter->handleRequest(NULL, Object(Config\Cache), false)
#8 D:\bancoRest\public\index.php(37): CodeIgniter\CodeIgniter->run()
#9 D:\bancoRest\system\Commands\Server\rewrite.php(43): require_once('D:\\bancoRest\\pu...')
#10 {main}
ERROR - 2022-03-15 10:40:21 --> Error connecting to the database: Access denied for user '****'@'localhost' (using password: YES)
CRITICAL - 2022-03-15 10:40:22 --> Unable to connect to the database.
Main connection [MySQLi]: Access denied for user '****'@'localhost' (using password: YES)
#0 D:\bancoRest\system\Database\BaseConnection.php(577): CodeIgniter\Database\BaseConnection->initialize()
#1 D:\bancoRest\system\Database\BaseBuilder.php(1455): CodeIgniter\Database\BaseConnection->query('SELECT *\nFROM `...', Array, false)
#2 D:\bancoRest\system\Model.php(183): CodeIgniter\Database\BaseBuilder->get()
#3 D:\bancoRest\system\BaseModel.php(584): CodeIgniter\Model->doFindAll(0, 0)
#4 D:\bancoRest\app\Controllers\API\Clientes.php(14): CodeIgniter\BaseModel->findAll()
#5 D:\bancoRest\system\CodeIgniter.php(832): App\Controllers\API\Clientes->index()
#6 D:\bancoRest\system\CodeIgniter.php(419): CodeIgniter\CodeIgniter->runController(Object(App\Controllers\API\Clientes))
#7 D:\bancoRest\system\CodeIgniter.php(326): CodeIgniter\CodeIgniter->handleRequest(NULL, Object(Config\Cache), false)
#8 D:\bancoRest\public\index.php(37): CodeIgniter\CodeIgniter->run()
#9 D:\bancoRest\system\Commands\Server\rewrite.php(43): require_once('D:\\bancoRest\\pu...')
#10 {main}
ERROR - 2022-03-15 10:41:14 --> Error connecting to the database: Access denied for user '****'@'localhost' (using password: YES)
CRITICAL - 2022-03-15 10:41:14 --> Unable to connect to the database.
Main connection [MySQLi]: Access denied for user '****'@'localhost' (using password: YES)
#0 D:\bancoRest\system\Database\BaseConnection.php(577): CodeIgniter\Database\BaseConnection->initialize()
#1 D:\bancoRest\system\Database\BaseBuilder.php(1455): CodeIgniter\Database\BaseConnection->query('SELECT *\nFROM `...', Array, false)
#2 D:\bancoRest\system\Model.php(183): CodeIgniter\Database\BaseBuilder->get()
#3 D:\bancoRest\system\BaseModel.php(584): CodeIgniter\Model->doFindAll(0, 0)
#4 D:\bancoRest\app\Controllers\API\Clientes.php(14): CodeIgniter\BaseModel->findAll()
#5 D:\bancoRest\system\CodeIgniter.php(832): App\Controllers\API\Clientes->index()
#6 D:\bancoRest\system\CodeIgniter.php(419): CodeIgniter\CodeIgniter->runController(Object(App\Controllers\API\Clientes))
#7 D:\bancoRest\system\CodeIgniter.php(326): CodeIgniter\CodeIgniter->handleRequest(NULL, Object(Config\Cache), false)
#8 D:\bancoRest\public\index.php(37): CodeIgniter\CodeIgniter->run()
#9 D:\bancoRest\system\Commands\Server\rewrite.php(43): require_once('D:\\bancoRest\\pu...')
#10 {main}
ERROR - 2022-03-15 10:53:41 --> Error connecting to the database: Access denied for user '****'@'localhost' (using password: YES)
CRITICAL - 2022-03-15 10:53:41 --> Unable to connect to the database.
Main connection [MySQLi]: Access denied for user '****'@'localhost' (using password: YES)
#0 D:\bancoRest\system\Database\BaseConnection.php(577): CodeIgniter\Database\BaseConnection->initialize()
#1 D:\bancoRest\system\Database\BaseBuilder.php(1455): CodeIgniter\Database\BaseConnection->query('SELECT *\nFROM `...', Array, false)
#2 D:\bancoRest\system\Model.php(183): CodeIgniter\Database\BaseBuilder->get()
#3 D:\bancoRest\system\BaseModel.php(584): CodeIgniter\Model->doFindAll(0, 0)
#4 D:\bancoRest\app\Controllers\API\Clientes.php(14): CodeIgniter\BaseModel->findAll()
#5 D:\bancoRest\system\CodeIgniter.php(832): App\Controllers\API\Clientes->index()
#6 D:\bancoRest\system\CodeIgniter.php(419): CodeIgniter\CodeIgniter->runController(Object(App\Controllers\API\Clientes))
#7 D:\bancoRest\system\CodeIgniter.php(326): CodeIgniter\CodeIgniter->handleRequest(NULL, Object(Config\Cache), false)
#8 D:\bancoRest\public\index.php(37): CodeIgniter\CodeIgniter->run()
#9 D:\bancoRest\system\Commands\Server\rewrite.php(43): require_once('D:\\bancoRest\\pu...')
#10 {main}
ERROR - 2022-03-15 10:59:45 --> Error connecting to the database: Access denied for user '****'@'localhost' (using password: YES)
CRITICAL - 2022-03-15 10:59:45 --> Unable to connect to the database.
Main connection [MySQLi]: Access denied for user '****'@'localhost' (using password: YES)
#0 D:\bancoRest\system\Database\BaseConnection.php(577): CodeIgniter\Database\BaseConnection->initialize()
#1 D:\bancoRest\system\Database\BaseBuilder.php(1455): CodeIgniter\Database\BaseConnection->query('SELECT *\nFROM `...', Array, false)
#2 D:\bancoRest\system\Model.php(183): CodeIgniter\Database\BaseBuilder->get()
#3 D:\bancoRest\system\BaseModel.php(584): CodeIgniter\Model->doFindAll(0, 0)
#4 D:\bancoRest\app\Controllers\API\Clientes.php(14): CodeIgniter\BaseModel->findAll()
#5 D:\bancoRest\system\CodeIgniter.php(832): App\Controllers\API\Clientes->index()
#6 D:\bancoRest\system\CodeIgniter.php(419): CodeIgniter\CodeIgniter->runController(Object(App\Controllers\API\Clientes))
#7 D:\bancoRest\system\CodeIgniter.php(326): CodeIgniter\CodeIgniter->handleRequest(NULL, Object(Config\Cache), false)
#8 D:\bancoRest\public\index.php(37): CodeIgniter\CodeIgniter->run()
#9 D:\bancoRest\system\Commands\Server\rewrite.php(43): require_once('D:\\bancoRest\\pu...')
#10 {main}
ERROR - 2022-03-15 11:02:13 --> Error connecting to the database: Access denied for user '****'@'localhost' (using password: YES)
CRITICAL - 2022-03-15 11:02:13 --> Unable to connect to the database.
Main connection [MySQLi]: Access denied for user '****'@'localhost' (using password: YES)
#0 D:\bancoRest\system\Database\BaseConnection.php(577): CodeIgniter\Database\BaseConnection->initialize()
#1 D:\bancoRest\system\Database\BaseBuilder.php(1455): CodeIgniter\Database\BaseConnection->query('SELECT *\nFROM `...', Array, false)
#2 D:\bancoRest\system\Model.php(183): CodeIgniter\Database\BaseBuilder->get()
#3 D:\bancoRest\system\BaseModel.php(584): CodeIgniter\Model->doFindAll(0, 0)
#4 D:\bancoRest\app\Controllers\API\Clientes.php(14): CodeIgniter\BaseModel->findAll()
#5 D:\bancoRest\system\CodeIgniter.php(832): App\Controllers\API\Clientes->index()
#6 D:\bancoRest\system\CodeIgniter.php(419): CodeIgniter\CodeIgniter->runController(Object(App\Controllers\API\Clientes))
#7 D:\bancoRest\system\CodeIgniter.php(326): CodeIgniter\CodeIgniter->handleRequest(NULL, Object(Config\Cache), false)
#8 D:\bancoRest\public\index.php(37): CodeIgniter\CodeIgniter->run()
#9 D:\bancoRest\system\Commands\Server\rewrite.php(43): require_once('D:\\bancoRest\\pu...')
#10 {main}
ERROR - 2022-03-15 11:07:49 --> Error connecting to the database: Access denied for user '****'@'localhost' (using password: YES)
CRITICAL - 2022-03-15 11:07:49 --> Unable to connect to the database.
Main connection [MySQLi]: Access denied for user '****'@'localhost' (using password: YES)
#0 D:\bancoRest\system\Database\BaseConnection.php(577): CodeIgniter\Database\BaseConnection->initialize()
#1 D:\bancoRest\system\Database\BaseBuilder.php(1455): CodeIgniter\Database\BaseConnection->query('SELECT *\nFROM `...', Array, false)
#2 D:\bancoRest\system\Model.php(183): CodeIgniter\Database\BaseBuilder->get()
#3 D:\bancoRest\system\BaseModel.php(584): CodeIgniter\Model->doFindAll(0, 0)
#4 D:\bancoRest\app\Controllers\API\Clientes.php(14): CodeIgniter\BaseModel->findAll()
#5 D:\bancoRest\system\CodeIgniter.php(832): App\Controllers\API\Clientes->index()
#6 D:\bancoRest\system\CodeIgniter.php(419): CodeIgniter\CodeIgniter->runController(Object(App\Controllers\API\Clientes))
#7 D:\bancoRest\system\CodeIgniter.php(326): CodeIgniter\CodeIgniter->handleRequest(NULL, Object(Config\Cache), false)
#8 D:\bancoRest\public\index.php(37): CodeIgniter\CodeIgniter->run()
#9 D:\bancoRest\system\Commands\Server\rewrite.php(43): require_once('D:\\bancoRest\\pu...')
#10 {main}
ERROR - 2022-03-15 11:40:16 --> Error connecting to the database: Access denied for user '****'@'localhost' (using password: YES)
CRITICAL - 2022-03-15 11:40:16 --> Unable to connect to the database.
Main connection [MySQLi]: Access denied for user '****'@'localhost' (using password: YES)
#0 D:\bancoRest\system\Database\BaseConnection.php(577): CodeIgniter\Database\BaseConnection->initialize()
#1 D:\bancoRest\system\Database\BaseBuilder.php(1455): CodeIgniter\Database\BaseConnection->query('SELECT *\nFROM `...', Array, false)
#2 D:\bancoRest\system\Model.php(183): CodeIgniter\Database\BaseBuilder->get()
#3 D:\bancoRest\system\BaseModel.php(584): CodeIgniter\Model->doFindAll(0, 0)
#4 D:\bancoRest\app\Controllers\API\Clientes.php(14): CodeIgniter\BaseModel->findAll()
#5 D:\bancoRest\system\CodeIgniter.php(832): App\Controllers\API\Clientes->index()
#6 D:\bancoRest\system\CodeIgniter.php(419): CodeIgniter\CodeIgniter->runController(Object(App\Controllers\API\Clientes))
#7 D:\bancoRest\system\CodeIgniter.php(326): CodeIgniter\CodeIgniter->handleRequest(NULL, Object(Config\Cache), false)
#8 D:\bancoRest\public\index.php(37): CodeIgniter\CodeIgniter->run()
#9 D:\bancoRest\system\Commands\Server\rewrite.php(43): require_once('D:\\bancoRest\\pu...')
#10 {main}
ERROR - 2022-03-15 11:40:30 --> Error connecting to the database: Access denied for user '****'@'localhost' (using password: YES)
CRITICAL - 2022-03-15 11:40:30 --> Unable to connect to the database.
Main connection [MySQLi]: Access denied for user '****'@'localhost' (using password: YES)
#0 D:\bancoRest\system\Database\BaseConnection.php(577): CodeIgniter\Database\BaseConnection->initialize()
#1 D:\bancoRest\system\Database\BaseBuilder.php(1455): CodeIgniter\Database\BaseConnection->query('SELECT *\nFROM `...', Array, false)
#2 D:\bancoRest\system\Model.php(183): CodeIgniter\Database\BaseBuilder->get()
#3 D:\bancoRest\system\BaseModel.php(584): CodeIgniter\Model->doFindAll(0, 0)
#4 D:\bancoRest\app\Controllers\API\Clientes.php(14): CodeIgniter\BaseModel->findAll()
#5 D:\bancoRest\system\CodeIgniter.php(832): App\Controllers\API\Clientes->index()
#6 D:\bancoRest\system\CodeIgniter.php(419): CodeIgniter\CodeIgniter->runController(Object(App\Controllers\API\Clientes))
#7 D:\bancoRest\system\CodeIgniter.php(326): CodeIgniter\CodeIgniter->handleRequest(NULL, Object(Config\Cache), false)
#8 D:\bancoRest\public\index.php(37): CodeIgniter\CodeIgniter->run()
#9 D:\bancoRest\system\Commands\Server\rewrite.php(43): require_once('D:\\bancoRest\\pu...')
#10 {main}
ERROR - 2022-03-15 12:40:28 --> Error connecting to the database: Access denied for user '****'@'localhost' (using password: YES)
CRITICAL - 2022-03-15 12:40:28 --> Unable to connect to the database.
Main connection [MySQLi]: Access denied for user '****'@'localhost' (using password: YES)
#0 D:\bancoRest\system\Database\BaseConnection.php(577): CodeIgniter\Database\BaseConnection->initialize()
#1 D:\bancoRest\system\Database\BaseBuilder.php(1455): CodeIgniter\Database\BaseConnection->query('SELECT *\nFROM `...', Array, false)
#2 D:\bancoRest\system\Model.php(183): CodeIgniter\Database\BaseBuilder->get()
#3 D:\bancoRest\system\BaseModel.php(584): CodeIgniter\Model->doFindAll(0, 0)
#4 D:\bancoRest\app\Controllers\API\Clientes.php(14): CodeIgniter\BaseModel->findAll()
#5 D:\bancoRest\system\CodeIgniter.php(832): App\Controllers\API\Clientes->index()
#6 D:\bancoRest\system\CodeIgniter.php(419): CodeIgniter\CodeIgniter->runController(Object(App\Controllers\API\Clientes))
#7 D:\bancoRest\system\CodeIgniter.php(326): CodeIgniter\CodeIgniter->handleRequest(NULL, Object(Config\Cache), false)
#8 D:\bancoRest\public\index.php(37): CodeIgniter\CodeIgniter->run()
#9 D:\bancoRest\system\Commands\Server\rewrite.php(43): require_once('D:\\bancoRest\\pu...')
#10 {main}
ERROR - 2022-03-15 14:35:24 --> Error connecting to the database: Access denied for user '****'@'localhost' (using password: YES)
CRITICAL - 2022-03-15 14:35:24 --> Unable to connect to the database.
Main connection [MySQLi]: Access denied for user '****'@'localhost' (using password: YES)
#0 D:\bancoRest\system\Database\BaseConnection.php(577): CodeIgniter\Database\BaseConnection->initialize()
#1 D:\bancoRest\system\Database\BaseBuilder.php(1455): CodeIgniter\Database\BaseConnection->query('SELECT *\nFROM `...', Array, false)
#2 D:\bancoRest\system\Model.php(183): CodeIgniter\Database\BaseBuilder->get()
#3 D:\bancoRest\system\BaseModel.php(584): CodeIgniter\Model->doFindAll(0, 0)
#4 D:\bancoRest\app\Controllers\API\Clientes.php(14): CodeIgniter\BaseModel->findAll()
#5 D:\bancoRest\system\CodeIgniter.php(832): App\Controllers\API\Clientes->index()
#6 D:\bancoRest\system\CodeIgniter.php(419): CodeIgniter\CodeIgniter->runController(Object(App\Controllers\API\Clientes))
#7 D:\bancoRest\system\CodeIgniter.php(326): CodeIgniter\CodeIgniter->handleRequest(NULL, Object(Config\Cache), false)
#8 D:\bancoRest\public\index.php(37): CodeIgniter\CodeIgniter->run()
#9 D:\bancoRest\system\Commands\Server\rewrite.php(43): require_once('D:\\bancoRest\\pu...')
#10 {main}
ERROR - 2022-03-15 14:41:48 --> Error connecting to the database: Access denied for user '****'@'localhost' (using password: YES)
CRITICAL - 2022-03-15 14:41:48 --> Unable to connect to the database.
Main connection [MySQLi]: Access denied for user '****'@'localhost' (using password: YES)
#0 D:\bancoRest\system\Database\BaseConnection.php(577): CodeIgniter\Database\BaseConnection->initialize()
#1 D:\bancoRest\system\Database\BaseBuilder.php(1455): CodeIgniter\Database\BaseConnection->query('SELECT *\nFROM `...', Array, false)
#2 D:\bancoRest\system\Model.php(183): CodeIgniter\Database\BaseBuilder->get()
#3 D:\bancoRest\system\BaseModel.php(584): CodeIgniter\Model->doFindAll(0, 0)
#4 D:\bancoRest\app\Controllers\API\Clientes.php(14): CodeIgniter\BaseModel->findAll()
#5 D:\bancoRest\system\CodeIgniter.php(832): App\Controllers\API\Clientes->index()
#6 D:\bancoRest\system\CodeIgniter.php(419): CodeIgniter\CodeIgniter->runController(Object(App\Controllers\API\Clientes))
#7 D:\bancoRest\system\CodeIgniter.php(326): CodeIgniter\CodeIgniter->handleRequest(NULL, Object(Config\Cache), false)
#8 D:\bancoRest\public\index.php(37): CodeIgniter\CodeIgniter->run()
#9 D:\bancoRest\system\Commands\Server\rewrite.php(43): require_once('D:\\bancoRest\\pu...')
#10 {main}
ERROR - 2022-03-15 14:42:49 --> Error connecting to the database: Access denied for user '****'@'localhost' (using password: YES)
CRITICAL - 2022-03-15 14:42:49 --> Unable to connect to the database.
Main connection [MySQLi]: Access denied for user '****'@'localhost' (using password: YES)
#0 D:\bancoRest\system\Database\BaseConnection.php(577): CodeIgniter\Database\BaseConnection->initialize()
#1 D:\bancoRest\system\Database\BaseBuilder.php(1455): CodeIgniter\Database\BaseConnection->query('SELECT *\nFROM `...', Array, false)
#2 D:\bancoRest\system\Model.php(183): CodeIgniter\Database\BaseBuilder->get()
#3 D:\bancoRest\system\BaseModel.php(584): CodeIgniter\Model->doFindAll(0, 0)
#4 D:\bancoRest\app\Controllers\API\Clientes.php(14): CodeIgniter\BaseModel->findAll()
#5 D:\bancoRest\system\CodeIgniter.php(832): App\Controllers\API\Clientes->index()
#6 D:\bancoRest\system\CodeIgniter.php(419): CodeIgniter\CodeIgniter->runController(Object(App\Controllers\API\Clientes))
#7 D:\bancoRest\system\CodeIgniter.php(326): CodeIgniter\CodeIgniter->handleRequest(NULL, Object(Config\Cache), false)
#8 D:\bancoRest\public\index.php(37): CodeIgniter\CodeIgniter->run()
#9 D:\bancoRest\system\Commands\Server\rewrite.php(43): require_once('D:\\bancoRest\\pu...')
#10 {main}
ERROR - 2022-03-15 15:25:13 --> Error connecting to the database: Access denied for user '****'@'localhost' (using password: YES)
CRITICAL - 2022-03-15 15:25:13 --> Unable to connect to the database.
Main connection [MySQLi]: Access denied for user '****'@'localhost' (using password: YES)
#0 D:\bancoRest\system\Database\BaseConnection.php(577): CodeIgniter\Database\BaseConnection->initialize()
#1 D:\bancoRest\system\Database\BaseBuilder.php(1455): CodeIgniter\Database\BaseConnection->query('SELECT *\nFROM `...', Array, false)
#2 D:\bancoRest\system\Model.php(183): CodeIgniter\Database\BaseBuilder->get()
#3 D:\bancoRest\system\BaseModel.php(584): CodeIgniter\Model->doFindAll(0, 0)
#4 D:\bancoRest\app\Controllers\API\Clientes.php(14): CodeIgniter\BaseModel->findAll()
#5 D:\bancoRest\system\CodeIgniter.php(832): App\Controllers\API\Clientes->index()
#6 D:\bancoRest\system\CodeIgniter.php(419): CodeIgniter\CodeIgniter->runController(Object(App\Controllers\API\Clientes))
#7 D:\bancoRest\system\CodeIgniter.php(326): CodeIgniter\CodeIgniter->handleRequest(NULL, Object(Config\Cache), false)
#8 D:\bancoRest\public\index.php(37): CodeIgniter\CodeIgniter->run()
#9 D:\bancoRest\system\Commands\Server\rewrite.php(43): require_once('D:\\bancoRest\\pu...')
#10 {main}
ERROR - 2022-03-15 15:40:42 --> Error connecting to the database: Access denied for user '****'@'localhost' (using password: YES)
CRITICAL - 2022-03-15 15:40:42 --> Unable to connect to the database.
Main connection [MySQLi]: Access denied for user '****'@'localhost' (using password: YES)
#0 D:\bancoRest\system\Database\BaseConnection.php(577): CodeIgniter\Database\BaseConnection->initialize()
#1 D:\bancoRest\system\Database\BaseBuilder.php(1455): CodeIgniter\Database\BaseConnection->query('SELECT *\nFROM `...', Array, false)
#2 D:\bancoRest\system\Model.php(183): CodeIgniter\Database\BaseBuilder->get()
#3 D:\bancoRest\system\BaseModel.php(584): CodeIgniter\Model->doFindAll(0, 0)
#4 D:\bancoRest\app\Controllers\API\Clientes.php(14): CodeIgniter\BaseModel->findAll()
#5 D:\bancoRest\system\CodeIgniter.php(832): App\Controllers\API\Clientes->index()
#6 D:\bancoRest\system\CodeIgniter.php(419): CodeIgniter\CodeIgniter->runController(Object(App\Controllers\API\Clientes))
#7 D:\bancoRest\system\CodeIgniter.php(326): CodeIgniter\CodeIgniter->handleRequest(NULL, Object(Config\Cache), false)
#8 D:\bancoRest\public\index.php(37): CodeIgniter\CodeIgniter->run()
#9 D:\bancoRest\system\Commands\Server\rewrite.php(43): require_once('D:\\bancoRest\\pu...')
#10 {main}
ERROR - 2022-03-15 15:41:31 --> Error connecting to the database: Access denied for user '****'@'localhost' (using password: YES)
CRITICAL - 2022-03-15 15:41:31 --> Unable to connect to the database.
Main connection [MySQLi]: Access denied for user '****'@'localhost' (using password: YES)
#0 D:\bancoRest\system\Database\BaseConnection.php(577): CodeIgniter\Database\BaseConnection->initialize()
#1 D:\bancoRest\system\Database\BaseBuilder.php(1455): CodeIgniter\Database\BaseConnection->query('SELECT *\nFROM `...', Array, false)
#2 D:\bancoRest\system\Model.php(183): CodeIgniter\Database\BaseBuilder->get()
#3 D:\bancoRest\system\BaseModel.php(584): CodeIgniter\Model->doFindAll(0, 0)
#4 D:\bancoRest\app\Controllers\API\Clientes.php(14): CodeIgniter\BaseModel->findAll()
#5 D:\bancoRest\system\CodeIgniter.php(832): App\Controllers\API\Clientes->index()
#6 D:\bancoRest\system\CodeIgniter.php(419): CodeIgniter\CodeIgniter->runController(Object(App\Controllers\API\Clientes))
#7 D:\bancoRest\system\CodeIgniter.php(326): CodeIgniter\CodeIgniter->handleRequest(NULL, Object(Config\Cache), false)
#8 D:\bancoRest\public\index.php(37): CodeIgniter\CodeIgniter->run()
#9 D:\bancoRest\system\Commands\Server\rewrite.php(43): require_once('D:\\bancoRest\\pu...')
#10 {main}
ERROR - 2022-03-15 15:50:49 --> Error connecting to the database: Access denied for user '****'@'localhost' (using password: YES)
CRITICAL - 2022-03-15 15:50:49 --> Unable to connect to the database.
Main connection [MySQLi]: Access denied for user '****'@'localhost' (using password: YES)
#0 D:\bancoRest\system\Database\BaseConnection.php(577): CodeIgniter\Database\BaseConnection->initialize()
#1 D:\bancoRest\system\Database\BaseBuilder.php(1455): CodeIgniter\Database\BaseConnection->query('SELECT *\nFROM `...', Array, false)
#2 D:\bancoRest\system\Model.php(183): CodeIgniter\Database\BaseBuilder->get()
#3 D:\bancoRest\system\BaseModel.php(584): CodeIgniter\Model->doFindAll(0, 0)
#4 D:\bancoRest\app\Controllers\API\Clientes.php(14): CodeIgniter\BaseModel->findAll()
#5 D:\bancoRest\system\CodeIgniter.php(832): App\Controllers\API\Clientes->index()
#6 D:\bancoRest\system\CodeIgniter.php(419): CodeIgniter\CodeIgniter->runController(Object(App\Controllers\API\Clientes))
#7 D:\bancoRest\system\CodeIgniter.php(326): CodeIgniter\CodeIgniter->handleRequest(NULL, Object(Config\Cache), false)
#8 D:\bancoRest\public\index.php(37): CodeIgniter\CodeIgniter->run()
#9 D:\bancoRest\system\Commands\Server\rewrite.php(43): require_once('D:\\bancoRest\\pu...')
#10 {main}
