CRITICAL - 2022-03-10 15:23:37 --> Cannot decrement App\Controllers\API\Clientes
#0 D:\bancoRest\system\CodeIgniter.php(809): App\Controllers\API\Clientes->__construct()
#1 D:\bancoRest\system\CodeIgniter.php(410): CodeIgniter\CodeIgniter->createController()
#2 D:\bancoRest\system\CodeIgniter.php(326): CodeIgniter\CodeIgniter->handleRequest(NULL, Object(Config\Cache), false)
#3 D:\bancoRest\public\index.php(37): CodeIgniter\CodeIgniter->run()
#4 D:\bancoRest\system\Commands\Server\rewrite.php(43): require_once('D:\\bancoRest\\pu...')
#5 {main}
ERROR - 2022-03-10 15:24:52 --> Error connecting to the database: Access denied for user '****'@'localhost' (using password: YES)
CRITICAL - 2022-03-10 15:24:52 --> Unable to connect to the database.
Main connection [MySQLi]: Access denied for user '****'@'localhost' (using password: YES)
#0 D:\bancoRest\system\Database\BaseConnection.php(577): CodeIgniter\Database\BaseConnection->initialize()
#1 D:\bancoRest\system\Database\BaseBuilder.php(1455): CodeIgniter\Database\BaseConnection->query('SELECT *\nFROM `...', Array, false)
#2 D:\bancoRest\system\Model.php(183): CodeIgniter\Database\BaseBuilder->get()
#3 D:\bancoRest\system\BaseModel.php(584): CodeIgniter\Model->doFindAll(0, 0)
#4 D:\bancoRest\app\Controllers\API\Clientes.php(16): CodeIgniter\BaseModel->findAll()
#5 D:\bancoRest\system\CodeIgniter.php(832): App\Controllers\API\Clientes->index()
#6 D:\bancoRest\system\CodeIgniter.php(419): CodeIgniter\CodeIgniter->runController(Object(App\Controllers\API\Clientes))
#7 D:\bancoRest\system\CodeIgniter.php(326): CodeIgniter\CodeIgniter->handleRequest(NULL, Object(Config\Cache), false)
#8 D:\bancoRest\public\index.php(37): CodeIgniter\CodeIgniter->run()
#9 D:\bancoRest\system\Commands\Server\rewrite.php(43): require_once('D:\\bancoRest\\pu...')
#10 {main}
ERROR - 2022-03-10 15:28:12 --> Error connecting to the database: Access denied for user '****'@'localhost' (using password: YES)
CRITICAL - 2022-03-10 15:28:12 --> Unable to connect to the database.
Main connection [MySQLi]: Access denied for user '****'@'localhost' (using password: YES)
#0 D:\bancoRest\system\Database\BaseConnection.php(577): CodeIgniter\Database\BaseConnection->initialize()
#1 D:\bancoRest\system\Database\BaseBuilder.php(1455): CodeIgniter\Database\BaseConnection->query('SELECT *\nFROM `...', Array, false)
#2 D:\bancoRest\system\Model.php(183): CodeIgniter\Database\BaseBuilder->get()
#3 D:\bancoRest\system\BaseModel.php(584): CodeIgniter\Model->doFindAll(0, 0)
#4 D:\bancoRest\app\Controllers\API\Clientes.php(16): CodeIgniter\BaseModel->findAll()
#5 D:\bancoRest\system\CodeIgniter.php(832): App\Controllers\API\Clientes->index()
#6 D:\bancoRest\system\CodeIgniter.php(419): CodeIgniter\CodeIgniter->runController(Object(App\Controllers\API\Clientes))
#7 D:\bancoRest\system\CodeIgniter.php(326): CodeIgniter\CodeIgniter->handleRequest(NULL, Object(Config\Cache), false)
#8 D:\bancoRest\public\index.php(37): CodeIgniter\CodeIgniter->run()
#9 D:\bancoRest\system\Commands\Server\rewrite.php(43): require_once('D:\\bancoRest\\pu...')
#10 {main}
ERROR - 2022-03-10 15:30:15 --> Error connecting to the database: Access denied for user '****'@'localhost' (using password: YES)
CRITICAL - 2022-03-10 15:30:15 --> Unable to connect to the database.
Main connection [MySQLi]: Access denied for user '****'@'localhost' (using password: YES)
#0 D:\bancoRest\system\Database\BaseConnection.php(577): CodeIgniter\Database\BaseConnection->initialize()
#1 D:\bancoRest\system\Database\BaseBuilder.php(1455): CodeIgniter\Database\BaseConnection->query('SELECT *\nFROM `...', Array, false)
#2 D:\bancoRest\system\Model.php(183): CodeIgniter\Database\BaseBuilder->get()
#3 D:\bancoRest\system\BaseModel.php(584): CodeIgniter\Model->doFindAll(0, 0)
#4 D:\bancoRest\app\Controllers\API\Clientes.php(16): CodeIgniter\BaseModel->findAll()
#5 D:\bancoRest\system\CodeIgniter.php(832): App\Controllers\API\Clientes->index()
#6 D:\bancoRest\system\CodeIgniter.php(419): CodeIgniter\CodeIgniter->runController(Object(App\Controllers\API\Clientes))
#7 D:\bancoRest\system\CodeIgniter.php(326): CodeIgniter\CodeIgniter->handleRequest(NULL, Object(Config\Cache), false)
#8 D:\bancoRest\public\index.php(37): CodeIgniter\CodeIgniter->run()
#9 D:\bancoRest\system\Commands\Server\rewrite.php(43): require_once('D:\\bancoRest\\pu...')
#10 {main}
ERROR - 2022-03-10 15:30:22 --> Error connecting to the database: Access denied for user '****'@'localhost' (using password: YES)
CRITICAL - 2022-03-10 15:30:22 --> Unable to connect to the database.
Main connection [MySQLi]: Access denied for user '****'@'localhost' (using password: YES)
#0 D:\bancoRest\system\Database\BaseConnection.php(577): CodeIgniter\Database\BaseConnection->initialize()
#1 D:\bancoRest\system\Database\BaseBuilder.php(1455): CodeIgniter\Database\BaseConnection->query('SELECT *\nFROM `...', Array, false)
#2 D:\bancoRest\system\Model.php(183): CodeIgniter\Database\BaseBuilder->get()
#3 D:\bancoRest\system\BaseModel.php(584): CodeIgniter\Model->doFindAll(0, 0)
#4 D:\bancoRest\app\Controllers\API\Clientes.php(16): CodeIgniter\BaseModel->findAll()
#5 D:\bancoRest\system\CodeIgniter.php(832): App\Controllers\API\Clientes->index()
#6 D:\bancoRest\system\CodeIgniter.php(419): CodeIgniter\CodeIgniter->runController(Object(App\Controllers\API\Clientes))
#7 D:\bancoRest\system\CodeIgniter.php(326): CodeIgniter\CodeIgniter->handleRequest(NULL, Object(Config\Cache), false)
#8 D:\bancoRest\public\index.php(37): CodeIgniter\CodeIgniter->run()
#9 D:\bancoRest\system\Commands\Server\rewrite.php(43): require_once('D:\\bancoRest\\pu...')
#10 {main}
ERROR - 2022-03-10 15:33:49 --> Error connecting to the database: Access denied for user '****'@'localhost' (using password: YES)
CRITICAL - 2022-03-10 15:33:49 --> Unable to connect to the database.
Main connection [MySQLi]: Access denied for user '****'@'localhost' (using password: YES)
#0 D:\bancoRest\system\Database\BaseConnection.php(577): CodeIgniter\Database\BaseConnection->initialize()
#1 D:\bancoRest\system\Database\BaseBuilder.php(1455): CodeIgniter\Database\BaseConnection->query('SELECT *\nFROM `...', Array, false)
#2 D:\bancoRest\system\Model.php(183): CodeIgniter\Database\BaseBuilder->get()
#3 D:\bancoRest\system\BaseModel.php(584): CodeIgniter\Model->doFindAll(0, 0)
#4 D:\bancoRest\app\Controllers\API\Clientes.php(16): CodeIgniter\BaseModel->findAll()
#5 D:\bancoRest\system\CodeIgniter.php(832): App\Controllers\API\Clientes->index()
#6 D:\bancoRest\system\CodeIgniter.php(419): CodeIgniter\CodeIgniter->runController(Object(App\Controllers\API\Clientes))
#7 D:\bancoRest\system\CodeIgniter.php(326): CodeIgniter\CodeIgniter->handleRequest(NULL, Object(Config\Cache), false)
#8 D:\bancoRest\public\index.php(37): CodeIgniter\CodeIgniter->run()
#9 D:\bancoRest\system\Commands\Server\rewrite.php(43): require_once('D:\\bancoRest\\pu...')
#10 {main}
ERROR - 2022-03-10 15:34:14 --> Error connecting to the database: Access denied for user '****'@'localhost' (using password: YES)
CRITICAL - 2022-03-10 15:34:14 --> Unable to connect to the database.
Main connection [MySQLi]: Access denied for user '****'@'localhost' (using password: YES)
#0 D:\bancoRest\system\Database\BaseConnection.php(577): CodeIgniter\Database\BaseConnection->initialize()
#1 D:\bancoRest\system\Database\BaseBuilder.php(1455): CodeIgniter\Database\BaseConnection->query('SELECT *\nFROM `...', Array, false)
#2 D:\bancoRest\system\Model.php(183): CodeIgniter\Database\BaseBuilder->get()
#3 D:\bancoRest\system\BaseModel.php(584): CodeIgniter\Model->doFindAll(0, 0)
#4 D:\bancoRest\app\Controllers\API\Clientes.php(16): CodeIgniter\BaseModel->findAll()
#5 D:\bancoRest\system\CodeIgniter.php(832): App\Controllers\API\Clientes->index()
#6 D:\bancoRest\system\CodeIgniter.php(419): CodeIgniter\CodeIgniter->runController(Object(App\Controllers\API\Clientes))
#7 D:\bancoRest\system\CodeIgniter.php(326): CodeIgniter\CodeIgniter->handleRequest(NULL, Object(Config\Cache), false)
#8 D:\bancoRest\public\index.php(37): CodeIgniter\CodeIgniter->run()
#9 D:\bancoRest\system\Commands\Server\rewrite.php(43): require_once('D:\\bancoRest\\pu...')
#10 {main}
ERROR - 2022-03-10 15:36:11 --> Error connecting to the database: Access denied for user '****'@'localhost' (using password: YES)
CRITICAL - 2022-03-10 15:36:11 --> Unable to connect to the database.
Main connection [MySQLi]: Access denied for user '****'@'localhost' (using password: YES)
#0 D:\bancoRest\system\Database\BaseConnection.php(577): CodeIgniter\Database\BaseConnection->initialize()
#1 D:\bancoRest\system\Database\BaseBuilder.php(1455): CodeIgniter\Database\BaseConnection->query('SELECT *\nFROM `...', Array, false)
#2 D:\bancoRest\system\Model.php(183): CodeIgniter\Database\BaseBuilder->get()
#3 D:\bancoRest\system\BaseModel.php(584): CodeIgniter\Model->doFindAll(0, 0)
#4 D:\bancoRest\app\Controllers\API\Clientes.php(16): CodeIgniter\BaseModel->findAll()
#5 D:\bancoRest\system\CodeIgniter.php(832): App\Controllers\API\Clientes->index()
#6 D:\bancoRest\system\CodeIgniter.php(419): CodeIgniter\CodeIgniter->runController(Object(App\Controllers\API\Clientes))
#7 D:\bancoRest\system\CodeIgniter.php(326): CodeIgniter\CodeIgniter->handleRequest(NULL, Object(Config\Cache), false)
#8 D:\bancoRest\public\index.php(37): CodeIgniter\CodeIgniter->run()
#9 D:\bancoRest\system\Commands\Server\rewrite.php(43): require_once('D:\\bancoRest\\pu...')
#10 {main}
ERROR - 2022-03-10 15:36:42 --> Error connecting to the database: Access denied for user '****'@'localhost' (using password: YES)
CRITICAL - 2022-03-10 15:36:42 --> Unable to connect to the database.
Main connection [MySQLi]: Access denied for user '****'@'localhost' (using password: YES)
#0 D:\bancoRest\system\Database\BaseConnection.php(577): CodeIgniter\Database\BaseConnection->initialize()
#1 D:\bancoRest\system\Database\BaseBuilder.php(1455): CodeIgniter\Database\BaseConnection->query('SELECT *\nFROM `...', Array, false)
#2 D:\bancoRest\system\Model.php(183): CodeIgniter\Database\BaseBuilder->get()
#3 D:\bancoRest\system\BaseModel.php(584): CodeIgniter\Model->doFindAll(0, 0)
#4 D:\bancoRest\app\Controllers\API\Clientes.php(16): CodeIgniter\BaseModel->findAll()
#5 D:\bancoRest\system\CodeIgniter.php(832): App\Controllers\API\Clientes->index()
#6 D:\bancoRest\system\CodeIgniter.php(419): CodeIgniter\CodeIgniter->runController(Object(App\Controllers\API\Clientes))
#7 D:\bancoRest\system\CodeIgniter.php(326): CodeIgniter\CodeIgniter->handleRequest(NULL, Object(Config\Cache), false)
#8 D:\bancoRest\public\index.php(37): CodeIgniter\CodeIgniter->run()
#9 D:\bancoRest\system\Commands\Server\rewrite.php(43): require_once('D:\\bancoRest\\pu...')
#10 {main}
ERROR - 2022-03-10 15:37:16 --> Error connecting to the database: Access denied for user '****'@'localhost' (using password: YES)
CRITICAL - 2022-03-10 15:37:16 --> Unable to connect to the database.
Main connection [MySQLi]: Access denied for user '****'@'localhost' (using password: YES)
#0 D:\bancoRest\system\Database\BaseConnection.php(577): CodeIgniter\Database\BaseConnection->initialize()
#1 D:\bancoRest\system\Database\BaseBuilder.php(1455): CodeIgniter\Database\BaseConnection->query('SELECT *\nFROM `...', Array, false)
#2 D:\bancoRest\system\Model.php(183): CodeIgniter\Database\BaseBuilder->get()
#3 D:\bancoRest\system\BaseModel.php(584): CodeIgniter\Model->doFindAll(0, 0)
#4 D:\bancoRest\app\Controllers\API\Clientes.php(16): CodeIgniter\BaseModel->findAll()
#5 D:\bancoRest\system\CodeIgniter.php(832): App\Controllers\API\Clientes->index()
#6 D:\bancoRest\system\CodeIgniter.php(419): CodeIgniter\CodeIgniter->runController(Object(App\Controllers\API\Clientes))
#7 D:\bancoRest\system\CodeIgniter.php(326): CodeIgniter\CodeIgniter->handleRequest(NULL, Object(Config\Cache), false)
#8 D:\bancoRest\public\index.php(37): CodeIgniter\CodeIgniter->run()
#9 D:\bancoRest\system\Commands\Server\rewrite.php(43): require_once('D:\\bancoRest\\pu...')
#10 {main}
ERROR - 2022-03-10 15:37:23 --> Error connecting to the database: Access denied for user '****'@'localhost' (using password: YES)
CRITICAL - 2022-03-10 15:37:23 --> Unable to connect to the database.
Main connection [MySQLi]: Access denied for user '****'@'localhost' (using password: YES)
#0 D:\bancoRest\system\Database\BaseConnection.php(577): CodeIgniter\Database\BaseConnection->initialize()
#1 D:\bancoRest\system\Database\BaseBuilder.php(1455): CodeIgniter\Database\BaseConnection->query('SELECT *\nFROM `...', Array, false)
#2 D:\bancoRest\system\Model.php(183): CodeIgniter\Database\BaseBuilder->get()
#3 D:\bancoRest\system\BaseModel.php(584): CodeIgniter\Model->doFindAll(0, 0)
#4 D:\bancoRest\app\Controllers\API\Clientes.php(16): CodeIgniter\BaseModel->findAll()
#5 D:\bancoRest\system\CodeIgniter.php(832): App\Controllers\API\Clientes->index()
#6 D:\bancoRest\system\CodeIgniter.php(419): CodeIgniter\CodeIgniter->runController(Object(App\Controllers\API\Clientes))
#7 D:\bancoRest\system\CodeIgniter.php(326): CodeIgniter\CodeIgniter->handleRequest(NULL, Object(Config\Cache), false)
#8 D:\bancoRest\public\index.php(37): CodeIgniter\CodeIgniter->run()
#9 D:\bancoRest\system\Commands\Server\rewrite.php(43): require_once('D:\\bancoRest\\pu...')
#10 {main}
ERROR - 2022-03-10 15:38:46 --> Error connecting to the database: Access denied for user '****'@'localhost' (using password: YES)
CRITICAL - 2022-03-10 15:38:46 --> Unable to connect to the database.
Main connection [MySQLi]: Access denied for user '****'@'localhost' (using password: YES)
#0 D:\bancoRest\system\Database\BaseConnection.php(577): CodeIgniter\Database\BaseConnection->initialize()
#1 D:\bancoRest\system\Database\BaseBuilder.php(1455): CodeIgniter\Database\BaseConnection->query('SELECT *\nFROM `...', Array, false)
#2 D:\bancoRest\system\Model.php(183): CodeIgniter\Database\BaseBuilder->get()
#3 D:\bancoRest\system\BaseModel.php(584): CodeIgniter\Model->doFindAll(0, 0)
#4 D:\bancoRest\app\Controllers\API\Clientes.php(16): CodeIgniter\BaseModel->findAll()
#5 D:\bancoRest\system\CodeIgniter.php(832): App\Controllers\API\Clientes->index()
#6 D:\bancoRest\system\CodeIgniter.php(419): CodeIgniter\CodeIgniter->runController(Object(App\Controllers\API\Clientes))
#7 D:\bancoRest\system\CodeIgniter.php(326): CodeIgniter\CodeIgniter->handleRequest(NULL, Object(Config\Cache), false)
#8 D:\bancoRest\public\index.php(37): CodeIgniter\CodeIgniter->run()
#9 D:\bancoRest\system\Commands\Server\rewrite.php(43): require_once('D:\\bancoRest\\pu...')
#10 {main}
ERROR - 2022-03-10 16:07:59 --> Error connecting to the database: Access denied for user '****'@'localhost' (using password: YES)
CRITICAL - 2022-03-10 16:07:59 --> Unable to connect to the database.
Main connection [MySQLi]: Access denied for user '****'@'localhost' (using password: YES)
#0 D:\bancoRest\system\Database\BaseConnection.php(577): CodeIgniter\Database\BaseConnection->initialize()
#1 D:\bancoRest\system\Database\BaseBuilder.php(1455): CodeIgniter\Database\BaseConnection->query('SELECT *\nFROM `...', Array, false)
#2 D:\bancoRest\system\Model.php(183): CodeIgniter\Database\BaseBuilder->get()
#3 D:\bancoRest\system\BaseModel.php(584): CodeIgniter\Model->doFindAll(0, 0)
#4 D:\bancoRest\app\Controllers\API\Clientes.php(16): CodeIgniter\BaseModel->findAll()
#5 D:\bancoRest\system\CodeIgniter.php(832): App\Controllers\API\Clientes->index()
#6 D:\bancoRest\system\CodeIgniter.php(419): CodeIgniter\CodeIgniter->runController(Object(App\Controllers\API\Clientes))
#7 D:\bancoRest\system\CodeIgniter.php(326): CodeIgniter\CodeIgniter->handleRequest(NULL, Object(Config\Cache), false)
#8 D:\bancoRest\public\index.php(37): CodeIgniter\CodeIgniter->run()
#9 D:\bancoRest\system\Commands\Server\rewrite.php(43): require_once('D:\\bancoRest\\pu...')
#10 {main}
ERROR - 2022-03-10 16:09:13 --> Error connecting to the database: Access denied for user '****'@'localhost' (using password: YES)
CRITICAL - 2022-03-10 16:09:13 --> Unable to connect to the database.
Main connection [MySQLi]: Access denied for user '****'@'localhost' (using password: YES)
#0 D:\bancoRest\system\Database\BaseConnection.php(577): CodeIgniter\Database\BaseConnection->initialize()
#1 D:\bancoRest\system\Database\BaseBuilder.php(1455): CodeIgniter\Database\BaseConnection->query('SELECT *\nFROM `...', Array, false)
#2 D:\bancoRest\system\Model.php(183): CodeIgniter\Database\BaseBuilder->get()
#3 D:\bancoRest\system\BaseModel.php(584): CodeIgniter\Model->doFindAll(0, 0)
#4 D:\bancoRest\app\Controllers\API\Clientes.php(16): CodeIgniter\BaseModel->findAll()
#5 D:\bancoRest\system\CodeIgniter.php(832): App\Controllers\API\Clientes->index()
#6 D:\bancoRest\system\CodeIgniter.php(419): CodeIgniter\CodeIgniter->runController(Object(App\Controllers\API\Clientes))
#7 D:\bancoRest\system\CodeIgniter.php(326): CodeIgniter\CodeIgniter->handleRequest(NULL, Object(Config\Cache), false)
#8 D:\bancoRest\public\index.php(37): CodeIgniter\CodeIgniter->run()
#9 D:\bancoRest\system\Commands\Server\rewrite.php(43): require_once('D:\\bancoRest\\pu...')
#10 {main}
ERROR - 2022-03-10 16:16:30 --> Error connecting to the database: Access denied for user '****'@'localhost' (using password: YES)
CRITICAL - 2022-03-10 16:16:30 --> Unable to connect to the database.
Main connection [MySQLi]: Access denied for user '****'@'localhost' (using password: YES)
#0 D:\bancoRest\system\Database\BaseConnection.php(577): CodeIgniter\Database\BaseConnection->initialize()
#1 D:\bancoRest\system\Database\BaseBuilder.php(1455): CodeIgniter\Database\BaseConnection->query('SELECT *\nFROM `...', Array, false)
#2 D:\bancoRest\system\Model.php(183): CodeIgniter\Database\BaseBuilder->get()
#3 D:\bancoRest\system\BaseModel.php(584): CodeIgniter\Model->doFindAll(0, 0)
#4 D:\bancoRest\app\Controllers\API\Clientes.php(14): CodeIgniter\BaseModel->findAll()
#5 D:\bancoRest\system\CodeIgniter.php(832): App\Controllers\API\Clientes->index()
#6 D:\bancoRest\system\CodeIgniter.php(419): CodeIgniter\CodeIgniter->runController(Object(App\Controllers\API\Clientes))
#7 D:\bancoRest\system\CodeIgniter.php(326): CodeIgniter\CodeIgniter->handleRequest(NULL, Object(Config\Cache), false)
#8 D:\bancoRest\public\index.php(37): CodeIgniter\CodeIgniter->run()
#9 D:\bancoRest\system\Commands\Server\rewrite.php(43): require_once('D:\\bancoRest\\pu...')
#10 {main}
ERROR - 2022-03-10 17:00:28 --> Error connecting to the database: Access denied for user '****'@'localhost' (using password: YES)
CRITICAL - 2022-03-10 17:00:28 --> Unable to connect to the database.
Main connection [MySQLi]: Access denied for user '****'@'localhost' (using password: YES)
#0 D:\bancoRest\system\Database\BaseConnection.php(577): CodeIgniter\Database\BaseConnection->initialize()
#1 D:\bancoRest\system\Database\BaseBuilder.php(1455): CodeIgniter\Database\BaseConnection->query('SELECT *\nFROM `...', Array, false)
#2 D:\bancoRest\system\Model.php(183): CodeIgniter\Database\BaseBuilder->get()
#3 D:\bancoRest\system\BaseModel.php(584): CodeIgniter\Model->doFindAll(0, 0)
#4 D:\bancoRest\app\Controllers\API\Clientes.php(14): CodeIgniter\BaseModel->findAll()
#5 D:\bancoRest\system\CodeIgniter.php(832): App\Controllers\API\Clientes->index()
#6 D:\bancoRest\system\CodeIgniter.php(419): CodeIgniter\CodeIgniter->runController(Object(App\Controllers\API\Clientes))
#7 D:\bancoRest\system\CodeIgniter.php(326): CodeIgniter\CodeIgniter->handleRequest(NULL, Object(Config\Cache), false)
#8 D:\bancoRest\public\index.php(37): CodeIgniter\CodeIgniter->run()
#9 D:\bancoRest\system\Commands\Server\rewrite.php(43): require_once('D:\\bancoRest\\pu...')
#10 {main}
ERROR - 2022-03-10 17:44:55 --> Error connecting to the database: Access denied for user '****'@'localhost' (using password: YES)
CRITICAL - 2022-03-10 17:44:55 --> Unable to connect to the database.
Main connection [MySQLi]: Access denied for user '****'@'localhost' (using password: YES)
#0 D:\bancoRest\system\Database\BaseConnection.php(577): CodeIgniter\Database\BaseConnection->initialize()
#1 D:\bancoRest\system\Database\BaseBuilder.php(1455): CodeIgniter\Database\BaseConnection->query('SELECT *\nFROM `...', Array, false)
#2 D:\bancoRest\system\Model.php(183): CodeIgniter\Database\BaseBuilder->get()
#3 D:\bancoRest\system\BaseModel.php(584): CodeIgniter\Model->doFindAll(0, 0)
#4 D:\bancoRest\app\Controllers\API\Clientes.php(14): CodeIgniter\BaseModel->findAll()
#5 D:\bancoRest\system\CodeIgniter.php(832): App\Controllers\API\Clientes->index()
#6 D:\bancoRest\system\CodeIgniter.php(419): CodeIgniter\CodeIgniter->runController(Object(App\Controllers\API\Clientes))
#7 D:\bancoRest\system\CodeIgniter.php(326): CodeIgniter\CodeIgniter->handleRequest(NULL, Object(Config\Cache), false)
#8 D:\bancoRest\public\index.php(37): CodeIgniter\CodeIgniter->run()
#9 D:\bancoRest\system\Commands\Server\rewrite.php(43): require_once('D:\\bancoRest\\pu...')
#10 {main}
ERROR - 2022-03-10 18:05:13 --> Error connecting to the database: Access denied for user '****'@'localhost' (using password: YES)
CRITICAL - 2022-03-10 18:05:13 --> Unable to connect to the database.
Main connection [MySQLi]: Access denied for user '****'@'localhost' (using password: YES)
#0 D:\bancoRest\system\Database\BaseConnection.php(577): CodeIgniter\Database\BaseConnection->initialize()
#1 D:\bancoRest\system\Database\BaseBuilder.php(1455): CodeIgniter\Database\BaseConnection->query('SELECT *\nFROM `...', Array, false)
#2 D:\bancoRest\system\Model.php(183): CodeIgniter\Database\BaseBuilder->get()
#3 D:\bancoRest\system\BaseModel.php(584): CodeIgniter\Model->doFindAll(0, 0)
#4 D:\bancoRest\app\Controllers\API\Clientes.php(14): CodeIgniter\BaseModel->findAll()
#5 D:\bancoRest\system\CodeIgniter.php(832): App\Controllers\API\Clientes->index()
#6 D:\bancoRest\system\CodeIgniter.php(419): CodeIgniter\CodeIgniter->runController(Object(App\Controllers\API\Clientes))
#7 D:\bancoRest\system\CodeIgniter.php(326): CodeIgniter\CodeIgniter->handleRequest(NULL, Object(Config\Cache), false)
#8 D:\bancoRest\public\index.php(37): CodeIgniter\CodeIgniter->run()
#9 D:\bancoRest\system\Commands\Server\rewrite.php(43): require_once('D:\\bancoRest\\pu...')
#10 {main}
ERROR - 2022-03-10 18:05:13 --> Error connecting to the database: Access denied for user '****'@'localhost' (using password: YES)
CRITICAL - 2022-03-10 18:05:13 --> Unable to connect to the database.
Main connection [MySQLi]: Access denied for user '****'@'localhost' (using password: YES)
#0 D:\bancoRest\system\Database\BaseConnection.php(577): CodeIgniter\Database\BaseConnection->initialize()
#1 D:\bancoRest\system\Database\BaseBuilder.php(1455): CodeIgniter\Database\BaseConnection->query('SELECT *\nFROM `...', Array, false)
#2 D:\bancoRest\system\Model.php(183): CodeIgniter\Database\BaseBuilder->get()
#3 D:\bancoRest\system\BaseModel.php(584): CodeIgniter\Model->doFindAll(0, 0)
#4 D:\bancoRest\app\Controllers\API\Clientes.php(14): CodeIgniter\BaseModel->findAll()
#5 D:\bancoRest\system\CodeIgniter.php(832): App\Controllers\API\Clientes->index()
#6 D:\bancoRest\system\CodeIgniter.php(419): CodeIgniter\CodeIgniter->runController(Object(App\Controllers\API\Clientes))
#7 D:\bancoRest\system\CodeIgniter.php(326): CodeIgniter\CodeIgniter->handleRequest(NULL, Object(Config\Cache), false)
#8 D:\bancoRest\public\index.php(37): CodeIgniter\CodeIgniter->run()
#9 D:\bancoRest\system\Commands\Server\rewrite.php(43): require_once('D:\\bancoRest\\pu...')
#10 {main}
ERROR - 2022-03-10 18:17:49 --> Error connecting to the database: Access denied for user '****'@'localhost' (using password: YES)
CRITICAL - 2022-03-10 18:17:49 --> Unable to connect to the database.
Main connection [MySQLi]: Access denied for user '****'@'localhost' (using password: YES)
#0 D:\bancoRest\system\Database\BaseConnection.php(577): CodeIgniter\Database\BaseConnection->initialize()
#1 D:\bancoRest\system\Database\BaseBuilder.php(1455): CodeIgniter\Database\BaseConnection->query('SELECT *\nFROM `...', Array, false)
#2 D:\bancoRest\system\Model.php(183): CodeIgniter\Database\BaseBuilder->get()
#3 D:\bancoRest\system\BaseModel.php(584): CodeIgniter\Model->doFindAll(0, 0)
#4 D:\bancoRest\app\Controllers\API\Clientes.php(14): CodeIgniter\BaseModel->findAll()
#5 D:\bancoRest\system\CodeIgniter.php(832): App\Controllers\API\Clientes->index()
#6 D:\bancoRest\system\CodeIgniter.php(419): CodeIgniter\CodeIgniter->runController(Object(App\Controllers\API\Clientes))
#7 D:\bancoRest\system\CodeIgniter.php(326): CodeIgniter\CodeIgniter->handleRequest(NULL, Object(Config\Cache), false)
#8 D:\bancoRest\public\index.php(37): CodeIgniter\CodeIgniter->run()
#9 D:\bancoRest\system\Commands\Server\rewrite.php(43): require_once('D:\\bancoRest\\pu...')
#10 {main}
ERROR - 2022-03-10 18:18:00 --> Error connecting to the database: Access denied for user '****'@'localhost' (using password: YES)
CRITICAL - 2022-03-10 18:18:00 --> Unable to connect to the database.
Main connection [MySQLi]: Access denied for user '****'@'localhost' (using password: YES)
#0 D:\bancoRest\system\Database\BaseConnection.php(577): CodeIgniter\Database\BaseConnection->initialize()
#1 D:\bancoRest\system\Database\BaseBuilder.php(1455): CodeIgniter\Database\BaseConnection->query('SELECT *\nFROM `...', Array, false)
#2 D:\bancoRest\system\Model.php(183): CodeIgniter\Database\BaseBuilder->get()
#3 D:\bancoRest\system\BaseModel.php(584): CodeIgniter\Model->doFindAll(0, 0)
#4 D:\bancoRest\app\Controllers\API\Clientes.php(14): CodeIgniter\BaseModel->findAll()
#5 D:\bancoRest\system\CodeIgniter.php(832): App\Controllers\API\Clientes->index()
#6 D:\bancoRest\system\CodeIgniter.php(419): CodeIgniter\CodeIgniter->runController(Object(App\Controllers\API\Clientes))
#7 D:\bancoRest\system\CodeIgniter.php(326): CodeIgniter\CodeIgniter->handleRequest(NULL, Object(Config\Cache), false)
#8 D:\bancoRest\public\index.php(37): CodeIgniter\CodeIgniter->run()
#9 D:\bancoRest\system\Commands\Server\rewrite.php(43): require_once('D:\\bancoRest\\pu...')
#10 {main}
ERROR - 2022-03-10 18:18:24 --> Error connecting to the database: Access denied for user '****'@'localhost' (using password: YES)
CRITICAL - 2022-03-10 18:18:24 --> Unable to connect to the database.
Main connection [MySQLi]: Access denied for user '****'@'localhost' (using password: YES)
#0 D:\bancoRest\system\Database\BaseConnection.php(577): CodeIgniter\Database\BaseConnection->initialize()
#1 D:\bancoRest\system\Database\BaseBuilder.php(1455): CodeIgniter\Database\BaseConnection->query('SELECT *\nFROM `...', Array, false)
#2 D:\bancoRest\system\Model.php(183): CodeIgniter\Database\BaseBuilder->get()
#3 D:\bancoRest\system\BaseModel.php(584): CodeIgniter\Model->doFindAll(0, 0)
#4 D:\bancoRest\app\Controllers\API\Clientes.php(14): CodeIgniter\BaseModel->findAll()
#5 D:\bancoRest\system\CodeIgniter.php(832): App\Controllers\API\Clientes->index()
#6 D:\bancoRest\system\CodeIgniter.php(419): CodeIgniter\CodeIgniter->runController(Object(App\Controllers\API\Clientes))
#7 D:\bancoRest\system\CodeIgniter.php(326): CodeIgniter\CodeIgniter->handleRequest(NULL, Object(Config\Cache), false)
#8 D:\bancoRest\public\index.php(37): CodeIgniter\CodeIgniter->run()
#9 D:\bancoRest\system\Commands\Server\rewrite.php(43): require_once('D:\\bancoRest\\pu...')
#10 {main}
ERROR - 2022-03-10 18:18:28 --> Error connecting to the database: Access denied for user '****'@'localhost' (using password: YES)
CRITICAL - 2022-03-10 18:18:28 --> Unable to connect to the database.
Main connection [MySQLi]: Access denied for user '****'@'localhost' (using password: YES)
#0 D:\bancoRest\system\Database\BaseConnection.php(577): CodeIgniter\Database\BaseConnection->initialize()
#1 D:\bancoRest\system\Database\BaseBuilder.php(1455): CodeIgniter\Database\BaseConnection->query('SELECT *\nFROM `...', Array, false)
#2 D:\bancoRest\system\Model.php(183): CodeIgniter\Database\BaseBuilder->get()
#3 D:\bancoRest\system\BaseModel.php(584): CodeIgniter\Model->doFindAll(0, 0)
#4 D:\bancoRest\app\Controllers\API\Clientes.php(14): CodeIgniter\BaseModel->findAll()
#5 D:\bancoRest\system\CodeIgniter.php(832): App\Controllers\API\Clientes->index()
#6 D:\bancoRest\system\CodeIgniter.php(419): CodeIgniter\CodeIgniter->runController(Object(App\Controllers\API\Clientes))
#7 D:\bancoRest\system\CodeIgniter.php(326): CodeIgniter\CodeIgniter->handleRequest(NULL, Object(Config\Cache), false)
#8 D:\bancoRest\public\index.php(37): CodeIgniter\CodeIgniter->run()
#9 D:\bancoRest\system\Commands\Server\rewrite.php(43): require_once('D:\\bancoRest\\pu...')
#10 {main}
ERROR - 2022-03-10 18:42:54 --> Error connecting to the database: Access denied for user '****'@'localhost' (using password: YES)
CRITICAL - 2022-03-10 18:42:54 --> Unable to connect to the database.
Main connection [MySQLi]: Access denied for user '****'@'localhost' (using password: YES)
#0 D:\bancoRest\system\Database\BaseConnection.php(577): CodeIgniter\Database\BaseConnection->initialize()
#1 D:\bancoRest\system\Database\BaseBuilder.php(1455): CodeIgniter\Database\BaseConnection->query('SELECT *\nFROM `...', Array, false)
#2 D:\bancoRest\system\Model.php(183): CodeIgniter\Database\BaseBuilder->get()
#3 D:\bancoRest\system\BaseModel.php(584): CodeIgniter\Model->doFindAll(0, 0)
#4 D:\bancoRest\app\Controllers\API\Clientes.php(14): CodeIgniter\BaseModel->findAll()
#5 D:\bancoRest\system\CodeIgniter.php(832): App\Controllers\API\Clientes->index()
#6 D:\bancoRest\system\CodeIgniter.php(419): CodeIgniter\CodeIgniter->runController(Object(App\Controllers\API\Clientes))
#7 D:\bancoRest\system\CodeIgniter.php(326): CodeIgniter\CodeIgniter->handleRequest(NULL, Object(Config\Cache), false)
#8 D:\bancoRest\public\index.php(37): CodeIgniter\CodeIgniter->run()
#9 D:\bancoRest\system\Commands\Server\rewrite.php(43): require_once('D:\\bancoRest\\pu...')
#10 {main}
ERROR - 2022-03-10 18:45:53 --> Error connecting to the database: Access denied for user '****'@'localhost' (using password: YES)
CRITICAL - 2022-03-10 18:45:53 --> Unable to connect to the database.
Main connection [MySQLi]: Access denied for user '****'@'localhost' (using password: YES)
#0 D:\bancoRest\system\Database\BaseConnection.php(577): CodeIgniter\Database\BaseConnection->initialize()
#1 D:\bancoRest\system\Database\BaseBuilder.php(1455): CodeIgniter\Database\BaseConnection->query('SELECT *\nFROM `...', Array, false)
#2 D:\bancoRest\system\Model.php(183): CodeIgniter\Database\BaseBuilder->get()
#3 D:\bancoRest\system\BaseModel.php(584): CodeIgniter\Model->doFindAll(0, 0)
#4 D:\bancoRest\app\Controllers\API\Clientes.php(14): CodeIgniter\BaseModel->findAll()
#5 D:\bancoRest\system\CodeIgniter.php(832): App\Controllers\API\Clientes->index()
#6 D:\bancoRest\system\CodeIgniter.php(419): CodeIgniter\CodeIgniter->runController(Object(App\Controllers\API\Clientes))
#7 D:\bancoRest\system\CodeIgniter.php(326): CodeIgniter\CodeIgniter->handleRequest(NULL, Object(Config\Cache), false)
#8 D:\bancoRest\public\index.php(37): CodeIgniter\CodeIgniter->run()
#9 D:\bancoRest\system\Commands\Server\rewrite.php(43): require_once('D:\\bancoRest\\pu...')
#10 {main}
ERROR - 2022-03-10 19:28:23 --> Error connecting to the database: Access denied for user '****'@'localhost' (using password: YES)
CRITICAL - 2022-03-10 19:28:23 --> Unable to connect to the database.
Main connection [MySQLi]: Access denied for user '****'@'localhost' (using password: YES)
#0 D:\bancoRest\system\Database\BaseConnection.php(577): CodeIgniter\Database\BaseConnection->initialize()
#1 D:\bancoRest\system\Database\BaseBuilder.php(1455): CodeIgniter\Database\BaseConnection->query('SELECT *\nFROM `...', Array, false)
#2 D:\bancoRest\system\Model.php(183): CodeIgniter\Database\BaseBuilder->get()
#3 D:\bancoRest\system\BaseModel.php(584): CodeIgniter\Model->doFindAll(0, 0)
#4 D:\bancoRest\app\Controllers\API\Clientes.php(14): CodeIgniter\BaseModel->findAll()
#5 D:\bancoRest\system\CodeIgniter.php(832): App\Controllers\API\Clientes->index()
#6 D:\bancoRest\system\CodeIgniter.php(419): CodeIgniter\CodeIgniter->runController(Object(App\Controllers\API\Clientes))
#7 D:\bancoRest\system\CodeIgniter.php(326): CodeIgniter\CodeIgniter->handleRequest(NULL, Object(Config\Cache), false)
#8 D:\bancoRest\public\index.php(37): CodeIgniter\CodeIgniter->run()
#9 D:\bancoRest\system\Commands\Server\rewrite.php(43): require_once('D:\\bancoRest\\pu...')
#10 {main}
ERROR - 2022-03-10 19:35:43 --> Error connecting to the database: Access denied for user '****'@'localhost' (using password: YES)
CRITICAL - 2022-03-10 19:35:43 --> Unable to connect to the database.
Main connection [MySQLi]: Access denied for user '****'@'localhost' (using password: YES)
#0 D:\bancoRest\system\Database\BaseConnection.php(577): CodeIgniter\Database\BaseConnection->initialize()
#1 D:\bancoRest\system\Database\BaseBuilder.php(1455): CodeIgniter\Database\BaseConnection->query('SELECT *\nFROM `...', Array, false)
#2 D:\bancoRest\system\Model.php(183): CodeIgniter\Database\BaseBuilder->get()
#3 D:\bancoRest\system\BaseModel.php(584): CodeIgniter\Model->doFindAll(0, 0)
#4 D:\bancoRest\app\Controllers\API\Clientes.php(14): CodeIgniter\BaseModel->findAll()
#5 D:\bancoRest\system\CodeIgniter.php(832): App\Controllers\API\Clientes->index()
#6 D:\bancoRest\system\CodeIgniter.php(419): CodeIgniter\CodeIgniter->runController(Object(App\Controllers\API\Clientes))
#7 D:\bancoRest\system\CodeIgniter.php(326): CodeIgniter\CodeIgniter->handleRequest(NULL, Object(Config\Cache), false)
#8 D:\bancoRest\public\index.php(37): CodeIgniter\CodeIgniter->run()
#9 D:\bancoRest\system\Commands\Server\rewrite.php(43): require_once('D:\\bancoRest\\pu...')
#10 {main}
ERROR - 2022-03-10 19:35:59 --> Error connecting to the database: Access denied for user '****'@'localhost' (using password: YES)
CRITICAL - 2022-03-10 19:35:59 --> Unable to connect to the database.
Main connection [MySQLi]: Access denied for user '****'@'localhost' (using password: YES)
#0 D:\bancoRest\system\Database\BaseConnection.php(577): CodeIgniter\Database\BaseConnection->initialize()
#1 D:\bancoRest\system\Database\BaseBuilder.php(1455): CodeIgniter\Database\BaseConnection->query('SELECT *\nFROM `...', Array, false)
#2 D:\bancoRest\system\Model.php(183): CodeIgniter\Database\BaseBuilder->get()
#3 D:\bancoRest\system\BaseModel.php(584): CodeIgniter\Model->doFindAll(0, 0)
#4 D:\bancoRest\app\Controllers\API\Clientes.php(14): CodeIgniter\BaseModel->findAll()
#5 D:\bancoRest\system\CodeIgniter.php(832): App\Controllers\API\Clientes->index()
#6 D:\bancoRest\system\CodeIgniter.php(419): CodeIgniter\CodeIgniter->runController(Object(App\Controllers\API\Clientes))
#7 D:\bancoRest\system\CodeIgniter.php(326): CodeIgniter\CodeIgniter->handleRequest(NULL, Object(Config\Cache), false)
#8 D:\bancoRest\public\index.php(37): CodeIgniter\CodeIgniter->run()
#9 D:\bancoRest\system\Commands\Server\rewrite.php(43): require_once('D:\\bancoRest\\pu...')
#10 {main}
